<?xml version="1.0" encoding="UTF-8"?>
<!-- Generated by org.testng.reporters.JUnitReportReporter -->
<testsuite hostname="DESKTOP-I272VCD" failures="0" tests="1" name="Mavon_project.mavonproject.AppTest" time="0.002" errors="0" timestamp="2021-06-04T00:18:07 IST" skipped="0">
  <testcase classname="Mavon_project.mavonproject.AppTest" name="testApp" time="0.002"/>
  <system-out/>
</testsuite> <!-- Mavon_project.mavonproject.AppTest -->
